<?xml version="1.0" encoding="UTF-8"?>
<testng-results total="1" passed="1" failed="0" skipped="0">
  <reporter-output>
  </reporter-output>
  <suite started-at="2019-09-25T05:22:26Z" name="Default suite" finished-at="2019-09-25T05:22:36Z" duration-ms="10137">
    <groups>
    </groups>
    <test started-at="2019-09-25T05:22:26Z" name="Default test" finished-at="2019-09-25T05:22:36Z" duration-ms="10137">
      <class name="freamwork.logintest">
        <test-method signature="verify()[pri:0, instance:freamwork.logintest@57d5872c]" started-at="2019-09-25T01:22:26Z" name="verify" finished-at="2019-09-25T01:22:36Z" duration-ms="10122" status="PASS">
          <reporter-output>
          </reporter-output>
        </test-method> <!-- verify -->
      </class> <!-- freamwork.logintest -->
    </test> <!-- Default test -->
  </suite> <!-- Default suite -->
</testng-results>
